2025-05-17 01:03:25,438 - __main__ - INFO - [start_rule_executor] - Starting Rule Executor service...
2025-05-17 01:03:25,438 - __main__ - ERROR - [start_rule_executor] - Error in Rule Executor service: MqttCommunicator.__init__() got an unexpected keyword argument 'broker'
Traceback (most recent call last):
  File "/home/yuheng/lapras-py/start_rule_executor.py", line 23, in main
    mqtt_communicator = MqttCommunicator(
                        ^^^^^^^^^^^^^^^^^
TypeError: MqttCommunicator.__init__() got an unexpected keyword argument 'broker'
2025-05-17 01:03:25,438 - __main__ - INFO - [start_rule_executor] - Rule Executor service stopped
2025-05-17 01:04:45,008 - __main__ - INFO - [start_rule_executor] - Starting Rule Executor service...
2025-05-17 01:04:45,008 - lapras_middleware.context - INFO - [context] - [CONTEXT_MANAGER] Context manager initialized
2025-05-17 01:04:45,008 - lapras_middleware.event - INFO - [event] - Component RuleExecutor subscribed to event: CONTEXT_UPDATED
2025-05-17 01:04:45,008 - event_logger - INFO - [event] - SUBSCRIBE: RuleExecutor -> CONTEXT_UPDATED
2025-05-17 01:04:45,008 - lapras_middleware.rule_executor - INFO - [rule_executor] - [RULE_EXECUTOR] Rule executor initialized and monitoring context updates
2025-05-17 01:04:45,011 - lapras_middleware.rule_executor - INFO - [rule_executor] - [RULE_EXECUTOR] Successfully loaded rules from /home/yuheng/lapras-py/lapras_middleware/rules/aircon_rules.ttl
2025-05-17 01:04:45,011 - lapras_middleware.event - INFO - [event] - Event dispatcher started
2025-05-17 01:04:45,011 - event_logger - INFO - [event] - === Event Dispatcher Started ===
2025-05-17 01:04:45,011 - lapras_middleware.communicator - INFO - [communicator] - Connecting to MQTT broker at localhost:1883
2025-05-17 01:04:45,013 - __main__ - INFO - [start_rule_executor] - Rule Executor service started successfully
2025-05-17 01:04:45,013 - __main__ - INFO - [start_rule_executor] - Monitoring context updates and evaluating rules...
2025-05-17 01:04:45,013 - lapras_middleware.communicator - INFO - [communicator] - Connected to MQTT broker
2025-05-17 01:05:55,882 - __main__ - INFO - [start_rule_executor] - Starting Rule Executor service...
2025-05-17 01:05:55,882 - lapras_middleware.context - INFO - [context] - [CONTEXT_MANAGER] Context manager initialized
2025-05-17 01:05:55,882 - lapras_middleware.event - INFO - [event] - Component RuleExecutor subscribed to event: CONTEXT_UPDATED
2025-05-17 01:05:55,882 - event_logger - INFO - [event] - SUBSCRIBE: RuleExecutor -> CONTEXT_UPDATED
2025-05-17 01:05:55,882 - lapras_middleware.rule_executor - INFO - [rule_executor] - [RULE_EXECUTOR] Rule executor initialized and monitoring context updates
2025-05-17 01:05:55,885 - lapras_middleware.rule_executor - INFO - [rule_executor] - [RULE_EXECUTOR] Successfully loaded rules from /home/yuheng/lapras-py/lapras_middleware/rules/aircon_rules.ttl
2025-05-17 01:05:55,885 - lapras_middleware.event - INFO - [event] - Event dispatcher started
2025-05-17 01:05:55,885 - event_logger - INFO - [event] - === Event Dispatcher Started ===
2025-05-17 01:05:55,885 - lapras_middleware.communicator - INFO - [communicator] - Connecting to MQTT broker at localhost:1883
2025-05-17 01:05:55,887 - __main__ - INFO - [start_rule_executor] - Rule Executor service started successfully
2025-05-17 01:05:55,887 - __main__ - INFO - [start_rule_executor] - Monitoring context updates and evaluating rules...
2025-05-17 01:05:55,887 - lapras_middleware.communicator - INFO - [communicator] - Connected to MQTT broker
2025-05-17 01:11:33,439 - __main__ - INFO - [start_rule_executor] - Starting Rule Executor service...
2025-05-17 01:11:33,439 - lapras_middleware.context - INFO - [context] - [CONTEXT_MANAGER] Context manager initialized
2025-05-17 01:11:33,439 - lapras_middleware.event - INFO - [event] - Component RuleExecutor subscribed to event: CONTEXT_UPDATED
2025-05-17 01:11:33,439 - event_logger - INFO - [event] - SUBSCRIBE: RuleExecutor -> CONTEXT_UPDATED
2025-05-17 01:11:33,439 - lapras_middleware.rule_executor - INFO - [rule_executor] - [RULE_EXECUTOR] Rule executor initialized and monitoring context updates
2025-05-17 01:11:33,442 - lapras_middleware.rule_executor - INFO - [rule_executor] - [RULE_EXECUTOR] Successfully loaded rules from /home/yuheng/lapras-py/lapras_middleware/rules/aircon_rules.ttl
2025-05-17 01:11:33,442 - lapras_middleware.event - INFO - [event] - Event dispatcher started
2025-05-17 01:11:33,442 - event_logger - INFO - [event] - === Event Dispatcher Started ===
2025-05-17 01:11:33,442 - lapras_middleware.communicator - INFO - [communicator] - Connecting to MQTT broker at localhost:1883
2025-05-17 01:11:33,444 - lapras_middleware.communicator - INFO - [communicator] - Connected to MQTT broker
2025-05-17 01:11:33,444 - __main__ - INFO - [start_rule_executor] - Rule Executor service started successfully
2025-05-17 01:11:33,445 - __main__ - INFO - [start_rule_executor] - Monitoring context updates and evaluating rules...
2025-05-17 01:28:23,084 - __main__ - INFO - [start_rule_executor] - Starting Rule Executor service...
2025-05-17 01:28:23,084 - lapras_middleware.context - INFO - [context] - [CONTEXT_MANAGER] Context manager initialized
2025-05-17 01:28:23,084 - __main__ - ERROR - [start_rule_executor] - Error in Rule Executor service: RuleExecutor.__init__() got an unexpected keyword argument 'context_manager'
Traceback (most recent call last):
  File "/home/yuheng/lapras-py/start_rule_executor.py", line 38, in main
    rule_executor = RuleExecutor(
                    ^^^^^^^^^^^^^
TypeError: RuleExecutor.__init__() got an unexpected keyword argument 'context_manager'
2025-05-17 01:28:23,084 - lapras_middleware.event - INFO - [event] - Event dispatcher stopped
2025-05-17 01:28:23,084 - event_logger - INFO - [event] - === Event Dispatcher Stopped ===
2025-05-17 01:28:23,084 - __main__ - INFO - [start_rule_executor] - Rule Executor service stopped
2025-05-17 01:28:55,910 - __main__ - INFO - [start_rule_executor] - Starting Rule Executor service...
2025-05-17 01:28:55,910 - lapras_middleware.context - INFO - [context] - [CONTEXT_MANAGER] Context manager initialized
2025-05-17 01:28:55,910 - lapras_middleware.event - INFO - [event] - Component RuleExecutor subscribed to event: CONTEXT_UPDATED
2025-05-17 01:28:55,910 - event_logger - INFO - [event] - SUBSCRIBE: RuleExecutor -> CONTEXT_UPDATED
2025-05-17 01:28:55,910 - lapras_middleware.rule_executor - INFO - [rule_executor] - [RULE_EXECUTOR] Rule executor initialized and monitoring context updates
2025-05-17 01:28:55,913 - lapras_middleware.rule_executor - INFO - [rule_executor] - [RULE_EXECUTOR] Successfully loaded rules from /home/yuheng/lapras-py/lapras_middleware/rules/sound_rules.ttl
2025-05-17 01:28:55,983 - lapras_middleware.rule_executor - INFO - [rule_executor] - [RULE_EXECUTOR] Loaded rule: http://lapras.org/rule/NoiseRule
2025-05-17 01:28:55,983 - lapras_middleware.rule_executor - INFO - [rule_executor] -   Condition: http://lapras.org/rule/NoiseCondition
2025-05-17 01:28:55,983 - lapras_middleware.rule_executor - INFO - [rule_executor] -   Action: http://lapras.org/rule/NoiseAction
2025-05-17 01:28:55,983 - lapras_middleware.rule_executor - INFO - [rule_executor] - [RULE_EXECUTOR] Loaded rule: http://lapras.org/rule/QuietRule
2025-05-17 01:28:55,983 - lapras_middleware.rule_executor - INFO - [rule_executor] -   Condition: http://lapras.org/rule/QuietCondition
2025-05-17 01:28:55,983 - lapras_middleware.rule_executor - INFO - [rule_executor] -   Action: http://lapras.org/rule/QuietAction
2025-05-17 01:28:55,983 - lapras_middleware.event - INFO - [event] - Event dispatcher started
2025-05-17 01:28:55,984 - event_logger - INFO - [event] - === Event Dispatcher Started ===
2025-05-17 01:28:55,984 - __main__ - ERROR - [start_rule_executor] - Error in Rule Executor service: 'NoneType' object has no attribute 'mqtt_communicator'
Traceback (most recent call last):
  File "/home/yuheng/lapras-py/start_rule_executor.py", line 52, in main
    rule_executor.start()
  File "/home/yuheng/lapras-py/lapras_middleware/rule_executor.py", line 32, in start
    self.context_manager.start()
  File "/home/yuheng/lapras-py/lapras_middleware/context.py", line 61, in start
    self.agent.mqtt_communicator.subscribe(
    ^^^^^^^^^^^^^^^^^^^^^^^^^^^^
AttributeError: 'NoneType' object has no attribute 'mqtt_communicator'
2025-05-17 01:28:55,984 - lapras_middleware.context - INFO - [context] - [CONTEXT_MANAGER] Context manager stopped
2025-05-17 01:28:55,984 - lapras_middleware.rule_executor - INFO - [rule_executor] - [RULE_EXECUTOR] Rule executor stopped
2025-05-17 01:28:56,984 - lapras_middleware.event - INFO - [event] - Event dispatcher stopped
2025-05-17 01:28:56,984 - event_logger - INFO - [event] - === Event Dispatcher Stopped ===
2025-05-17 01:28:56,984 - __main__ - INFO - [start_rule_executor] - Rule Executor service stopped
2025-05-17 01:30:31,297 - __main__ - INFO - [start_rule_executor] - Starting Rule Executor service...
2025-05-17 01:30:31,298 - lapras_middleware.context - INFO - [context] - [CONTEXT_MANAGER] Context manager initialized
2025-05-17 01:30:31,298 - lapras_middleware.event - INFO - [event] - Component RuleExecutor subscribed to event: CONTEXT_UPDATED
2025-05-17 01:30:31,298 - event_logger - INFO - [event] - SUBSCRIBE: RuleExecutor -> CONTEXT_UPDATED
2025-05-17 01:30:31,298 - lapras_middleware.rule_executor - INFO - [rule_executor] - [RULE_EXECUTOR] Rule executor initialized and monitoring context updates
2025-05-17 01:30:31,301 - lapras_middleware.rule_executor - INFO - [rule_executor] - [RULE_EXECUTOR] Successfully loaded rules from /home/yuheng/lapras-py/lapras_middleware/rules/sound_rules.ttl
2025-05-17 01:30:31,371 - lapras_middleware.rule_executor - INFO - [rule_executor] - [RULE_EXECUTOR] Loaded rule: http://lapras.org/rule/NoiseRule
2025-05-17 01:30:31,372 - lapras_middleware.rule_executor - INFO - [rule_executor] -   Condition: http://lapras.org/rule/NoiseCondition
2025-05-17 01:30:31,372 - lapras_middleware.rule_executor - INFO - [rule_executor] -   Action: http://lapras.org/rule/NoiseAction
2025-05-17 01:30:31,372 - lapras_middleware.rule_executor - INFO - [rule_executor] - [RULE_EXECUTOR] Loaded rule: http://lapras.org/rule/QuietRule
2025-05-17 01:30:31,372 - lapras_middleware.rule_executor - INFO - [rule_executor] -   Condition: http://lapras.org/rule/QuietCondition
2025-05-17 01:30:31,372 - lapras_middleware.rule_executor - INFO - [rule_executor] -   Action: http://lapras.org/rule/QuietAction
2025-05-17 01:30:31,372 - lapras_middleware.event - INFO - [event] - Event dispatcher started
2025-05-17 01:30:31,372 - event_logger - INFO - [event] - === Event Dispatcher Started ===
2025-05-17 01:30:31,373 - lapras_middleware.context - INFO - [context] - [CONTEXT_MANAGER] Context manager started
2025-05-17 01:30:31,373 - lapras_middleware.rule_executor - INFO - [rule_executor] - [RULE_EXECUTOR] Rule executor started
2025-05-17 01:30:31,373 - __main__ - INFO - [start_rule_executor] - Rule Executor service started and monitoring context updates
2025-05-17 01:43:33,099 - __main__ - INFO - [start_rule_executor] - Starting Rule Executor service...
2025-05-17 01:43:33,099 - lapras_middleware.communicator - INFO - [communicator] - [MQTT] Initialized MQTT communicator with client ID: rule_executor
2025-05-17 01:43:33,099 - lapras_middleware.context - INFO - [context] - [CONTEXT_MANAGER] Context manager initialized
2025-05-17 01:43:33,100 - lapras_middleware.event - INFO - [event] - Component RuleExecutor subscribed to event: CONTEXT_UPDATED
2025-05-17 01:43:33,100 - event_logger - INFO - [event] - SUBSCRIBE: RuleExecutor -> CONTEXT_UPDATED
2025-05-17 01:43:33,100 - lapras_middleware.rule_executor - INFO - [rule_executor] - [RULE_EXECUTOR] Rule executor initialized and monitoring context updates
2025-05-17 01:43:33,102 - lapras_middleware.rule_executor - INFO - [rule_executor] - [RULE_EXECUTOR] Successfully loaded rules from /home/yuheng/lapras-py/lapras_middleware/rules/sound_rules.ttl
2025-05-17 01:43:33,175 - lapras_middleware.rule_executor - INFO - [rule_executor] - [RULE_EXECUTOR] Loaded rule: http://lapras.org/rule/NoiseRule
2025-05-17 01:43:33,175 - lapras_middleware.rule_executor - INFO - [rule_executor] -   Condition: http://lapras.org/rule/NoiseCondition
2025-05-17 01:43:33,175 - lapras_middleware.rule_executor - INFO - [rule_executor] -   Action: http://lapras.org/rule/NoiseAction
2025-05-17 01:43:33,175 - lapras_middleware.rule_executor - INFO - [rule_executor] - [RULE_EXECUTOR] Loaded rule: http://lapras.org/rule/QuietRule
2025-05-17 01:43:33,175 - lapras_middleware.rule_executor - INFO - [rule_executor] -   Condition: http://lapras.org/rule/QuietCondition
2025-05-17 01:43:33,175 - lapras_middleware.rule_executor - INFO - [rule_executor] -   Action: http://lapras.org/rule/QuietAction
2025-05-17 01:43:33,175 - lapras_middleware.event - INFO - [event] - Event dispatcher started
2025-05-17 01:43:33,175 - event_logger - INFO - [event] - === Event Dispatcher Started ===
2025-05-17 01:43:33,175 - lapras_middleware.communicator - INFO - [communicator] - [MQTT] Subscribed to topic: context/#
2025-05-17 01:43:33,175 - lapras_middleware.context - INFO - [context] - [CONTEXT_MANAGER] Context manager started
2025-05-17 01:43:33,176 - lapras_middleware.rule_executor - INFO - [rule_executor] - [RULE_EXECUTOR] No context states available for periodic evaluation
2025-05-17 01:43:33,176 - lapras_middleware.rule_executor - INFO - [rule_executor] - [RULE_EXECUTOR] Rule executor started with periodic evaluation
2025-05-17 01:43:33,176 - __main__ - INFO - [start_rule_executor] - Rule Executor service started and monitoring context updates
2025-05-17 01:43:38,176 - lapras_middleware.rule_executor - INFO - [rule_executor] - [RULE_EXECUTOR] No context states available for periodic evaluation
2025-05-17 01:43:43,177 - lapras_middleware.rule_executor - INFO - [rule_executor] - [RULE_EXECUTOR] No context states available for periodic evaluation
2025-05-17 01:43:48,177 - lapras_middleware.rule_executor - INFO - [rule_executor] - [RULE_EXECUTOR] No context states available for periodic evaluation
2025-05-17 01:43:53,177 - lapras_middleware.rule_executor - INFO - [rule_executor] - [RULE_EXECUTOR] No context states available for periodic evaluation
2025-05-17 01:43:58,178 - lapras_middleware.rule_executor - INFO - [rule_executor] - [RULE_EXECUTOR] No context states available for periodic evaluation
2025-05-17 01:44:03,178 - lapras_middleware.rule_executor - INFO - [rule_executor] - [RULE_EXECUTOR] No context states available for periodic evaluation
2025-05-17 01:44:08,179 - lapras_middleware.rule_executor - INFO - [rule_executor] - [RULE_EXECUTOR] No context states available for periodic evaluation
2025-05-17 01:44:13,179 - lapras_middleware.rule_executor - INFO - [rule_executor] - [RULE_EXECUTOR] No context states available for periodic evaluation
2025-05-17 01:44:18,180 - lapras_middleware.rule_executor - INFO - [rule_executor] - [RULE_EXECUTOR] No context states available for periodic evaluation
2025-05-17 01:44:23,180 - lapras_middleware.rule_executor - INFO - [rule_executor] - [RULE_EXECUTOR] No context states available for periodic evaluation
2025-05-17 01:44:28,181 - lapras_middleware.rule_executor - INFO - [rule_executor] - [RULE_EXECUTOR] No context states available for periodic evaluation
2025-05-17 01:44:33,181 - lapras_middleware.rule_executor - INFO - [rule_executor] - [RULE_EXECUTOR] No context states available for periodic evaluation
2025-05-17 01:44:38,182 - lapras_middleware.rule_executor - INFO - [rule_executor] - [RULE_EXECUTOR] No context states available for periodic evaluation
2025-05-17 01:44:43,182 - lapras_middleware.rule_executor - INFO - [rule_executor] - [RULE_EXECUTOR] No context states available for periodic evaluation
2025-05-17 01:44:48,183 - lapras_middleware.rule_executor - INFO - [rule_executor] - [RULE_EXECUTOR] No context states available for periodic evaluation
2025-05-17 01:44:53,183 - lapras_middleware.rule_executor - INFO - [rule_executor] - [RULE_EXECUTOR] No context states available for periodic evaluation
2025-05-17 01:44:58,184 - lapras_middleware.rule_executor - INFO - [rule_executor] - [RULE_EXECUTOR] No context states available for periodic evaluation
2025-05-17 01:45:03,184 - lapras_middleware.rule_executor - INFO - [rule_executor] - [RULE_EXECUTOR] No context states available for periodic evaluation
2025-05-17 01:45:08,185 - lapras_middleware.rule_executor - INFO - [rule_executor] - [RULE_EXECUTOR] No context states available for periodic evaluation
2025-05-17 01:45:13,185 - lapras_middleware.rule_executor - INFO - [rule_executor] - [RULE_EXECUTOR] No context states available for periodic evaluation
2025-05-17 01:45:18,186 - lapras_middleware.rule_executor - INFO - [rule_executor] - [RULE_EXECUTOR] No context states available for periodic evaluation
2025-05-17 01:45:23,186 - lapras_middleware.rule_executor - INFO - [rule_executor] - [RULE_EXECUTOR] No context states available for periodic evaluation
2025-05-17 01:45:28,187 - lapras_middleware.rule_executor - INFO - [rule_executor] - [RULE_EXECUTOR] No context states available for periodic evaluation
2025-05-17 01:45:33,187 - lapras_middleware.rule_executor - INFO - [rule_executor] - [RULE_EXECUTOR] No context states available for periodic evaluation
2025-05-17 01:45:38,188 - lapras_middleware.rule_executor - INFO - [rule_executor] - [RULE_EXECUTOR] No context states available for periodic evaluation
2025-05-17 01:45:43,188 - lapras_middleware.rule_executor - INFO - [rule_executor] - [RULE_EXECUTOR] No context states available for periodic evaluation
2025-05-17 01:45:48,189 - lapras_middleware.context - INFO - [context] - [CONTEXT_MANAGER] Context manager stopped
2025-05-17 01:45:48,189 - lapras_middleware.rule_executor - INFO - [rule_executor] - [RULE_EXECUTOR] Rule executor stopped
2025-05-17 01:45:48,202 - lapras_middleware.event - INFO - [event] - Event dispatcher stopped
2025-05-17 01:45:48,202 - event_logger - INFO - [event] - === Event Dispatcher Stopped ===
2025-05-17 01:48:09,415 - __main__ - INFO - [start_rule_executor] - Starting Rule Executor service...
2025-05-17 01:48:09,415 - lapras_middleware.communicator - INFO - [communicator] - [MQTT] Initialized MQTT communicator with client ID: rule_executor
2025-05-17 01:48:09,415 - lapras_middleware.context - INFO - [context] - [CONTEXT_MANAGER] Context manager initialized
2025-05-17 01:48:09,416 - lapras_middleware.event - INFO - [event] - Component RuleExecutor subscribed to event: CONTEXT_UPDATED
2025-05-17 01:48:09,416 - event_logger - INFO - [event] - SUBSCRIBE: RuleExecutor -> CONTEXT_UPDATED
2025-05-17 01:48:09,416 - lapras_middleware.rule_executor - INFO - [rule_executor] - [RULE_EXECUTOR] Rule executor initialized and monitoring context updates
2025-05-17 01:48:09,418 - lapras_middleware.rule_executor - INFO - [rule_executor] - [RULE_EXECUTOR] Successfully loaded rules from /home/yuheng/lapras-py/lapras_middleware/rules/sound_rules.ttl
2025-05-17 01:48:09,490 - lapras_middleware.rule_executor - INFO - [rule_executor] - [RULE_EXECUTOR] Loaded rule: http://lapras.org/rule/NoiseRule
2025-05-17 01:48:09,490 - lapras_middleware.rule_executor - INFO - [rule_executor] -   Condition: http://lapras.org/rule/NoiseCondition
2025-05-17 01:48:09,490 - lapras_middleware.rule_executor - INFO - [rule_executor] -   Action: http://lapras.org/rule/NoiseAction
2025-05-17 01:48:09,490 - lapras_middleware.rule_executor - INFO - [rule_executor] - [RULE_EXECUTOR] Loaded rule: http://lapras.org/rule/QuietRule
2025-05-17 01:48:09,490 - lapras_middleware.rule_executor - INFO - [rule_executor] -   Condition: http://lapras.org/rule/QuietCondition
2025-05-17 01:48:09,490 - lapras_middleware.rule_executor - INFO - [rule_executor] -   Action: http://lapras.org/rule/QuietAction
2025-05-17 01:48:09,491 - lapras_middleware.event - INFO - [event] - Event dispatcher started
2025-05-17 01:48:09,491 - event_logger - INFO - [event] - === Event Dispatcher Started ===
2025-05-17 01:48:09,491 - lapras_middleware.communicator - INFO - [communicator] - [MQTT] Subscribed to topic: context/update/#
2025-05-17 01:48:09,491 - lapras_middleware.context - INFO - [context] - [CONTEXT_MANAGER] Context manager started and subscribed to context/update/#
2025-05-17 01:48:09,491 - lapras_middleware.rule_executor - INFO - [rule_executor] - [RULE_EXECUTOR] No context states available for periodic evaluation
2025-05-17 01:48:09,491 - lapras_middleware.rule_executor - INFO - [rule_executor] - [RULE_EXECUTOR] Rule executor started with periodic evaluation
2025-05-17 01:48:09,491 - __main__ - INFO - [start_rule_executor] - Rule Executor service started and monitoring context updates
2025-05-17 01:48:14,492 - lapras_middleware.rule_executor - INFO - [rule_executor] - [RULE_EXECUTOR] No context states available for periodic evaluation
2025-05-17 01:48:19,492 - lapras_middleware.rule_executor - INFO - [rule_executor] - [RULE_EXECUTOR] No context states available for periodic evaluation
2025-05-17 01:48:24,493 - lapras_middleware.rule_executor - INFO - [rule_executor] - [RULE_EXECUTOR] No context states available for periodic evaluation
2025-05-17 01:48:29,493 - lapras_middleware.rule_executor - INFO - [rule_executor] - [RULE_EXECUTOR] No context states available for periodic evaluation
2025-05-17 01:48:34,494 - lapras_middleware.rule_executor - INFO - [rule_executor] - [RULE_EXECUTOR] No context states available for periodic evaluation
2025-05-17 01:48:39,495 - lapras_middleware.rule_executor - INFO - [rule_executor] - [RULE_EXECUTOR] No context states available for periodic evaluation
2025-05-17 01:48:44,495 - lapras_middleware.rule_executor - INFO - [rule_executor] - [RULE_EXECUTOR] No context states available for periodic evaluation
2025-05-17 01:48:49,496 - lapras_middleware.rule_executor - INFO - [rule_executor] - [RULE_EXECUTOR] No context states available for periodic evaluation
2025-05-17 01:48:54,497 - lapras_middleware.rule_executor - INFO - [rule_executor] - [RULE_EXECUTOR] No context states available for periodic evaluation
2025-05-17 01:48:59,497 - lapras_middleware.rule_executor - INFO - [rule_executor] - [RULE_EXECUTOR] No context states available for periodic evaluation
2025-05-17 01:49:04,498 - lapras_middleware.rule_executor - INFO - [rule_executor] - [RULE_EXECUTOR] No context states available for periodic evaluation
2025-05-17 01:49:09,498 - lapras_middleware.rule_executor - INFO - [rule_executor] - [RULE_EXECUTOR] No context states available for periodic evaluation
2025-05-17 01:49:14,499 - lapras_middleware.rule_executor - INFO - [rule_executor] - [RULE_EXECUTOR] No context states available for periodic evaluation
2025-05-17 01:49:19,499 - lapras_middleware.rule_executor - INFO - [rule_executor] - [RULE_EXECUTOR] No context states available for periodic evaluation
2025-05-17 01:49:24,500 - lapras_middleware.rule_executor - INFO - [rule_executor] - [RULE_EXECUTOR] No context states available for periodic evaluation
2025-05-17 01:49:29,501 - lapras_middleware.rule_executor - INFO - [rule_executor] - [RULE_EXECUTOR] No context states available for periodic evaluation
2025-05-17 01:49:34,501 - lapras_middleware.rule_executor - INFO - [rule_executor] - [RULE_EXECUTOR] No context states available for periodic evaluation
2025-05-17 01:49:39,502 - lapras_middleware.rule_executor - INFO - [rule_executor] - [RULE_EXECUTOR] No context states available for periodic evaluation
2025-05-17 01:49:44,502 - lapras_middleware.context - INFO - [context] - [CONTEXT_MANAGER] Context manager stopped
2025-05-17 01:49:44,503 - lapras_middleware.rule_executor - INFO - [rule_executor] - [RULE_EXECUTOR] Rule executor stopped
2025-05-17 01:49:44,509 - lapras_middleware.event - INFO - [event] - Event dispatcher stopped
2025-05-17 01:49:44,509 - event_logger - INFO - [event] - === Event Dispatcher Stopped ===
2025-05-17 01:49:56,635 - __main__ - INFO - [start_rule_executor] - Starting Rule Executor service...
2025-05-17 01:49:56,636 - lapras_middleware.communicator - INFO - [communicator] - [MQTT] Initialized MQTT communicator with client ID: rule_executor
2025-05-17 01:49:56,636 - lapras_middleware.context - INFO - [context] - [CONTEXT_MANAGER] Context manager initialized
2025-05-17 01:49:56,636 - lapras_middleware.event - INFO - [event] - Component RuleExecutor subscribed to event: CONTEXT_UPDATED
2025-05-17 01:49:56,636 - event_logger - INFO - [event] - SUBSCRIBE: RuleExecutor -> CONTEXT_UPDATED
2025-05-17 01:49:56,636 - lapras_middleware.rule_executor - INFO - [rule_executor] - [RULE_EXECUTOR] Rule executor initialized and monitoring context updates
2025-05-17 01:49:56,639 - lapras_middleware.rule_executor - INFO - [rule_executor] - [RULE_EXECUTOR] Successfully loaded rules from /home/yuheng/lapras-py/lapras_middleware/rules/sound_rules.ttl
2025-05-17 01:49:56,709 - lapras_middleware.rule_executor - INFO - [rule_executor] - [RULE_EXECUTOR] Loaded rule: http://lapras.org/rule/NoiseRule
2025-05-17 01:49:56,709 - lapras_middleware.rule_executor - INFO - [rule_executor] -   Condition: http://lapras.org/rule/NoiseCondition
2025-05-17 01:49:56,709 - lapras_middleware.rule_executor - INFO - [rule_executor] -   Action: http://lapras.org/rule/NoiseAction
2025-05-17 01:49:56,709 - lapras_middleware.rule_executor - INFO - [rule_executor] - [RULE_EXECUTOR] Loaded rule: http://lapras.org/rule/QuietRule
2025-05-17 01:49:56,709 - lapras_middleware.rule_executor - INFO - [rule_executor] -   Condition: http://lapras.org/rule/QuietCondition
2025-05-17 01:49:56,709 - lapras_middleware.rule_executor - INFO - [rule_executor] -   Action: http://lapras.org/rule/QuietAction
2025-05-17 01:49:56,709 - lapras_middleware.event - INFO - [event] - Event dispatcher started
2025-05-17 01:49:56,709 - event_logger - INFO - [event] - === Event Dispatcher Started ===
2025-05-17 01:49:56,709 - lapras_middleware.communicator - INFO - [communicator] - [MQTT] Subscribed to topic: context/update/#
2025-05-17 01:49:56,709 - lapras_middleware.context - INFO - [context] - [CONTEXT_MANAGER] Context manager started and subscribed to context/update/#
2025-05-17 01:49:56,709 - lapras_middleware.rule_executor - INFO - [rule_executor] - [RULE EXECUTOR] current_states: {}
2025-05-17 01:49:56,710 - lapras_middleware.rule_executor - INFO - [rule_executor] - [RULE_EXECUTOR] Rule executor started with periodic evaluation
2025-05-17 01:49:56,710 - lapras_middleware.rule_executor - INFO - [rule_executor] - [RULE_EXECUTOR] No context states available for periodic evaluation
2025-05-17 01:49:56,710 - __main__ - INFO - [start_rule_executor] - Rule Executor service started and monitoring context updates
2025-05-17 01:50:01,710 - lapras_middleware.rule_executor - INFO - [rule_executor] - [RULE EXECUTOR] current_states: {}
2025-05-17 01:50:01,711 - lapras_middleware.rule_executor - INFO - [rule_executor] - [RULE_EXECUTOR] No context states available for periodic evaluation
2025-05-17 01:50:06,711 - lapras_middleware.rule_executor - INFO - [rule_executor] - [RULE EXECUTOR] current_states: {}
2025-05-17 01:50:06,711 - lapras_middleware.rule_executor - INFO - [rule_executor] - [RULE_EXECUTOR] No context states available for periodic evaluation
2025-05-17 01:50:11,712 - lapras_middleware.rule_executor - INFO - [rule_executor] - [RULE EXECUTOR] current_states: {}
2025-05-17 01:50:11,712 - lapras_middleware.rule_executor - INFO - [rule_executor] - [RULE_EXECUTOR] No context states available for periodic evaluation
2025-05-17 01:50:16,713 - lapras_middleware.rule_executor - INFO - [rule_executor] - [RULE EXECUTOR] current_states: {}
2025-05-17 01:50:16,713 - lapras_middleware.rule_executor - INFO - [rule_executor] - [RULE_EXECUTOR] No context states available for periodic evaluation
2025-05-17 01:50:21,713 - lapras_middleware.rule_executor - INFO - [rule_executor] - [RULE EXECUTOR] current_states: {}
2025-05-17 01:50:21,714 - lapras_middleware.rule_executor - INFO - [rule_executor] - [RULE_EXECUTOR] No context states available for periodic evaluation
2025-05-17 01:50:26,715 - lapras_middleware.rule_executor - INFO - [rule_executor] - [RULE EXECUTOR] current_states: {}
2025-05-17 01:50:26,715 - lapras_middleware.rule_executor - INFO - [rule_executor] - [RULE_EXECUTOR] No context states available for periodic evaluation
2025-05-17 01:50:31,715 - lapras_middleware.rule_executor - INFO - [rule_executor] - [RULE EXECUTOR] current_states: {}
2025-05-17 01:50:31,716 - lapras_middleware.rule_executor - INFO - [rule_executor] - [RULE_EXECUTOR] No context states available for periodic evaluation
2025-05-17 01:50:36,716 - lapras_middleware.rule_executor - INFO - [rule_executor] - [RULE EXECUTOR] current_states: {}
2025-05-17 01:50:36,716 - lapras_middleware.rule_executor - INFO - [rule_executor] - [RULE_EXECUTOR] No context states available for periodic evaluation
2025-05-17 01:50:41,717 - lapras_middleware.rule_executor - INFO - [rule_executor] - [RULE EXECUTOR] current_states: {}
2025-05-17 01:50:41,717 - lapras_middleware.rule_executor - INFO - [rule_executor] - [RULE_EXECUTOR] No context states available for periodic evaluation
2025-05-17 01:50:46,717 - lapras_middleware.context - INFO - [context] - [CONTEXT_MANAGER] Context manager stopped
2025-05-17 01:50:46,718 - lapras_middleware.rule_executor - INFO - [rule_executor] - [RULE_EXECUTOR] Rule executor stopped
2025-05-17 01:50:46,719 - lapras_middleware.event - INFO - [event] - Event dispatcher stopped
2025-05-17 01:50:46,720 - event_logger - INFO - [event] - === Event Dispatcher Stopped ===
2025-05-17 01:52:21,392 - __main__ - INFO - [start_rule_executor] - Starting Rule Executor service...
2025-05-17 01:52:21,392 - lapras_middleware.communicator - INFO - [communicator] - [MQTT] Initialized MQTT communicator with client ID: rule_executor
2025-05-17 01:52:21,393 - lapras_middleware.context - INFO - [context] - [CONTEXT_MANAGER] Context manager initialized
2025-05-17 01:52:21,393 - lapras_middleware.event - INFO - [event] - Component RuleExecutor subscribed to event: CONTEXT_UPDATED
2025-05-17 01:52:21,393 - event_logger - INFO - [event] - SUBSCRIBE: RuleExecutor -> CONTEXT_UPDATED
2025-05-17 01:52:21,393 - lapras_middleware.rule_executor - INFO - [rule_executor] - [RULE_EXECUTOR] Rule executor initialized and monitoring context updates
2025-05-17 01:52:21,396 - lapras_middleware.rule_executor - INFO - [rule_executor] - [RULE_EXECUTOR] Successfully loaded rules from /home/yuheng/lapras-py/lapras_middleware/rules/sound_rules.ttl
2025-05-17 01:52:21,466 - lapras_middleware.rule_executor - INFO - [rule_executor] - [RULE_EXECUTOR] Loaded rule: http://lapras.org/rule/NoiseRule
2025-05-17 01:52:21,466 - lapras_middleware.rule_executor - INFO - [rule_executor] -   Condition: http://lapras.org/rule/NoiseCondition
2025-05-17 01:52:21,466 - lapras_middleware.rule_executor - INFO - [rule_executor] -   Action: http://lapras.org/rule/NoiseAction
2025-05-17 01:52:21,466 - lapras_middleware.rule_executor - INFO - [rule_executor] - [RULE_EXECUTOR] Loaded rule: http://lapras.org/rule/QuietRule
2025-05-17 01:52:21,466 - lapras_middleware.rule_executor - INFO - [rule_executor] -   Condition: http://lapras.org/rule/QuietCondition
2025-05-17 01:52:21,466 - lapras_middleware.rule_executor - INFO - [rule_executor] -   Action: http://lapras.org/rule/QuietAction
2025-05-17 01:52:21,466 - lapras_middleware.event - INFO - [event] - Event dispatcher started
2025-05-17 01:52:21,466 - event_logger - INFO - [event] - === Event Dispatcher Started ===
2025-05-17 01:52:21,466 - lapras_middleware.communicator - INFO - [communicator] - [MQTT] Subscribed to topic: context/update/#
2025-05-17 01:52:21,466 - lapras_middleware.context - INFO - [context] - [CONTEXT_MANAGER] Context manager started and subscribed to context/update/#
2025-05-17 01:52:21,467 - lapras_middleware.context - INFO - [context] - [CONTEXT_MANAGER] Current context map: {}
2025-05-17 01:52:21,467 - lapras_middleware.context - INFO - [context] - [CONTEXT_MANAGER] Current states: {}
2025-05-17 01:52:21,467 - lapras_middleware.rule_executor - INFO - [rule_executor] - [RULE_EXECUTOR] Rule executor started with periodic evaluation
2025-05-17 01:52:21,467 - lapras_middleware.rule_executor - INFO - [rule_executor] - [RULE EXECUTOR] current_states: {}
2025-05-17 01:52:21,467 - __main__ - INFO - [start_rule_executor] - Rule Executor service started and monitoring context updates
2025-05-17 01:52:21,467 - lapras_middleware.rule_executor - INFO - [rule_executor] - [RULE_EXECUTOR] No context states available for periodic evaluation
2025-05-17 01:52:26,468 - lapras_middleware.context - INFO - [context] - [CONTEXT_MANAGER] Current states: {}
2025-05-17 01:52:26,468 - lapras_middleware.rule_executor - INFO - [rule_executor] - [RULE EXECUTOR] current_states: {}
2025-05-17 01:52:26,468 - lapras_middleware.rule_executor - INFO - [rule_executor] - [RULE_EXECUTOR] No context states available for periodic evaluation
2025-05-17 01:52:31,469 - lapras_middleware.context - INFO - [context] - [CONTEXT_MANAGER] Current states: {}
2025-05-17 01:52:31,470 - lapras_middleware.rule_executor - INFO - [rule_executor] - [RULE EXECUTOR] current_states: {}
2025-05-17 01:52:31,470 - lapras_middleware.rule_executor - INFO - [rule_executor] - [RULE_EXECUTOR] No context states available for periodic evaluation
2025-05-17 01:52:36,470 - lapras_middleware.context - INFO - [context] - [CONTEXT_MANAGER] Current states: {}
2025-05-17 01:52:36,470 - lapras_middleware.rule_executor - INFO - [rule_executor] - [RULE EXECUTOR] current_states: {}
2025-05-17 01:52:36,471 - lapras_middleware.rule_executor - INFO - [rule_executor] - [RULE_EXECUTOR] No context states available for periodic evaluation
2025-05-17 01:52:41,471 - lapras_middleware.context - INFO - [context] - [CONTEXT_MANAGER] Current states: {}
2025-05-17 01:52:41,471 - lapras_middleware.rule_executor - INFO - [rule_executor] - [RULE EXECUTOR] current_states: {}
2025-05-17 01:52:41,471 - lapras_middleware.rule_executor - INFO - [rule_executor] - [RULE_EXECUTOR] No context states available for periodic evaluation
2025-05-17 01:52:46,472 - lapras_middleware.context - INFO - [context] - [CONTEXT_MANAGER] Current states: {}
2025-05-17 01:52:46,472 - lapras_middleware.rule_executor - INFO - [rule_executor] - [RULE EXECUTOR] current_states: {}
2025-05-17 01:52:46,472 - lapras_middleware.rule_executor - INFO - [rule_executor] - [RULE_EXECUTOR] No context states available for periodic evaluation
2025-05-17 01:52:51,473 - lapras_middleware.context - INFO - [context] - [CONTEXT_MANAGER] Current states: {}
2025-05-17 01:52:51,473 - lapras_middleware.rule_executor - INFO - [rule_executor] - [RULE EXECUTOR] current_states: {}
2025-05-17 01:52:51,473 - lapras_middleware.rule_executor - INFO - [rule_executor] - [RULE_EXECUTOR] No context states available for periodic evaluation
2025-05-17 01:56:28,698 - __main__ - INFO - [start_rule_executor] - Starting Rule Executor service...
2025-05-17 01:56:28,698 - lapras_middleware.communicator - INFO - [communicator] - [MQTT] Initialized MQTT communicator with client ID: rule_executor
2025-05-17 01:56:28,698 - lapras_middleware.context - INFO - [context] - [CONTEXT_MANAGER] Context manager initialized
2025-05-17 01:56:28,699 - lapras_middleware.event - INFO - [event] - Component RuleExecutor subscribed to event: CONTEXT_UPDATED
2025-05-17 01:56:28,699 - event_logger - INFO - [event] - SUBSCRIBE: RuleExecutor -> CONTEXT_UPDATED
2025-05-17 01:56:28,699 - lapras_middleware.rule_executor - INFO - [rule_executor] - [RULE_EXECUTOR] Rule executor initialized and monitoring context updates
2025-05-17 01:56:28,701 - lapras_middleware.rule_executor - INFO - [rule_executor] - [RULE_EXECUTOR] Successfully loaded rules from /home/yuheng/lapras-py/lapras_middleware/rules/sound_rules.ttl
2025-05-17 01:56:28,771 - lapras_middleware.rule_executor - INFO - [rule_executor] - [RULE_EXECUTOR] Loaded rule: http://lapras.org/rule/NoiseRule
2025-05-17 01:56:28,771 - lapras_middleware.rule_executor - INFO - [rule_executor] -   Condition: http://lapras.org/rule/NoiseCondition
2025-05-17 01:56:28,771 - lapras_middleware.rule_executor - INFO - [rule_executor] -   Action: http://lapras.org/rule/NoiseAction
2025-05-17 01:56:28,772 - lapras_middleware.rule_executor - INFO - [rule_executor] - [RULE_EXECUTOR] Loaded rule: http://lapras.org/rule/QuietRule
2025-05-17 01:56:28,772 - lapras_middleware.rule_executor - INFO - [rule_executor] -   Condition: http://lapras.org/rule/QuietCondition
2025-05-17 01:56:28,772 - lapras_middleware.rule_executor - INFO - [rule_executor] -   Action: http://lapras.org/rule/QuietAction
2025-05-17 01:56:28,772 - lapras_middleware.event - INFO - [event] - Event dispatcher started
2025-05-17 01:56:28,772 - event_logger - INFO - [event] - === Event Dispatcher Started ===
2025-05-17 01:56:28,772 - lapras_middleware.communicator - INFO - [communicator] - [MQTT] Subscribed to topic: context/update/#
2025-05-17 01:56:28,773 - lapras_middleware.context - INFO - [context] - [CONTEXT_MANAGER] Context manager started and subscribed to context/update/#
2025-05-17 01:56:28,773 - lapras_middleware.context - INFO - [context] - [CONTEXT_MANAGER] Current context map: {}
2025-05-17 01:56:28,773 - lapras_middleware.context - INFO - [context] - [CONTEXT_MANAGER] Current states: {}
2025-05-17 01:56:28,773 - lapras_middleware.rule_executor - INFO - [rule_executor] - [RULE_EXECUTOR] Rule executor started with periodic evaluation
2025-05-17 01:56:28,773 - lapras_middleware.rule_executor - INFO - [rule_executor] - [RULE EXECUTOR] current_states: {}
2025-05-17 01:56:28,774 - __main__ - INFO - [start_rule_executor] - Rule Executor service started and monitoring context updates
2025-05-17 01:56:28,774 - lapras_middleware.rule_executor - INFO - [rule_executor] - [RULE_EXECUTOR] No context states available for periodic evaluation
2025-05-17 01:56:33,774 - lapras_middleware.context - INFO - [context] - [CONTEXT_MANAGER] Current states: {}
2025-05-17 01:56:33,775 - lapras_middleware.rule_executor - INFO - [rule_executor] - [RULE EXECUTOR] current_states: {}
2025-05-17 01:56:33,775 - lapras_middleware.rule_executor - INFO - [rule_executor] - [RULE_EXECUTOR] No context states available for periodic evaluation
2025-05-17 01:56:38,776 - lapras_middleware.context - INFO - [context] - [CONTEXT_MANAGER] Current states: {}
2025-05-17 01:56:38,776 - lapras_middleware.rule_executor - INFO - [rule_executor] - [RULE EXECUTOR] current_states: {}
2025-05-17 01:56:38,776 - lapras_middleware.rule_executor - INFO - [rule_executor] - [RULE_EXECUTOR] No context states available for periodic evaluation
2025-05-17 01:56:43,776 - lapras_middleware.context - INFO - [context] - [CONTEXT_MANAGER] Current states: {}
2025-05-17 01:56:43,777 - lapras_middleware.rule_executor - INFO - [rule_executor] - [RULE EXECUTOR] current_states: {}
2025-05-17 01:56:43,777 - lapras_middleware.rule_executor - INFO - [rule_executor] - [RULE_EXECUTOR] No context states available for periodic evaluation
2025-05-17 01:56:48,777 - lapras_middleware.context - INFO - [context] - [CONTEXT_MANAGER] Current states: {}
2025-05-17 01:56:48,778 - lapras_middleware.rule_executor - INFO - [rule_executor] - [RULE EXECUTOR] current_states: {}
2025-05-17 01:56:48,778 - lapras_middleware.rule_executor - INFO - [rule_executor] - [RULE_EXECUTOR] No context states available for periodic evaluation
2025-05-17 01:56:53,778 - lapras_middleware.context - INFO - [context] - [CONTEXT_MANAGER] Current states: {}
2025-05-17 01:56:53,778 - lapras_middleware.rule_executor - INFO - [rule_executor] - [RULE EXECUTOR] current_states: {}
2025-05-17 01:56:53,779 - lapras_middleware.rule_executor - INFO - [rule_executor] - [RULE_EXECUTOR] No context states available for periodic evaluation
2025-05-17 01:56:58,779 - lapras_middleware.context - INFO - [context] - [CONTEXT_MANAGER] Current states: {}
2025-05-17 01:56:58,779 - lapras_middleware.rule_executor - INFO - [rule_executor] - [RULE EXECUTOR] current_states: {}
2025-05-17 01:56:58,779 - lapras_middleware.rule_executor - INFO - [rule_executor] - [RULE_EXECUTOR] No context states available for periodic evaluation
2025-05-17 01:57:03,780 - lapras_middleware.context - INFO - [context] - [CONTEXT_MANAGER] Current states: {}
2025-05-17 01:57:03,780 - lapras_middleware.rule_executor - INFO - [rule_executor] - [RULE EXECUTOR] current_states: {}
2025-05-17 01:57:03,780 - lapras_middleware.rule_executor - INFO - [rule_executor] - [RULE_EXECUTOR] No context states available for periodic evaluation
2025-05-17 01:57:08,781 - lapras_middleware.context - INFO - [context] - [CONTEXT_MANAGER] Current states: {}
2025-05-17 01:57:08,781 - lapras_middleware.rule_executor - INFO - [rule_executor] - [RULE EXECUTOR] current_states: {}
2025-05-17 01:57:08,781 - lapras_middleware.rule_executor - INFO - [rule_executor] - [RULE_EXECUTOR] No context states available for periodic evaluation
2025-05-17 01:57:13,782 - lapras_middleware.context - INFO - [context] - [CONTEXT_MANAGER] Context manager stopped
2025-05-17 01:57:13,782 - lapras_middleware.rule_executor - INFO - [rule_executor] - [RULE_EXECUTOR] Rule executor stopped
2025-05-17 01:57:14,781 - lapras_middleware.event - INFO - [event] - Event dispatcher stopped
2025-05-17 01:57:14,782 - event_logger - INFO - [event] - === Event Dispatcher Stopped ===
2025-05-17 01:59:08,137 - __main__ - INFO - [start_rule_executor] - Starting Rule Executor service...
2025-05-17 01:59:08,137 - __main__ - INFO - [start_rule_executor] - Event dispatcher initialized
2025-05-17 01:59:08,137 - lapras_middleware.communicator - INFO - [communicator] - [MQTT] Initialized MQTT communicator with client ID: rule_executor
2025-05-17 01:59:08,137 - __main__ - INFO - [start_rule_executor] - MQTT communicator initialized
2025-05-17 01:59:08,137 - lapras_middleware.context - INFO - [context] - [CONTEXT_MANAGER] Context manager initialized
2025-05-17 01:59:08,138 - lapras_middleware.event - INFO - [event] - [EVENT_DISPATCHER] Component RuleExecutor subscribed to event: CONTEXT_UPDATED
2025-05-17 01:59:08,138 - lapras_middleware.event - INFO - [event] - [EVENT_DISPATCHER] Current subscribers for CONTEXT_UPDATED: ['RuleExecutor']
2025-05-17 01:59:08,138 - event_logger - INFO - [event] - SUBSCRIBE: RuleExecutor -> CONTEXT_UPDATED
2025-05-17 01:59:08,138 - lapras_middleware.rule_executor - INFO - [rule_executor] - [RULE_EXECUTOR] Rule executor initialized and monitoring context updates
2025-05-17 01:59:08,138 - __main__ - INFO - [start_rule_executor] - Rule executor initialized
2025-05-17 01:59:08,140 - lapras_middleware.rule_executor - INFO - [rule_executor] - [RULE_EXECUTOR] Successfully loaded rules from /home/yuheng/lapras-py/lapras_middleware/rules/sound_rules.ttl
2025-05-17 01:59:08,211 - lapras_middleware.rule_executor - INFO - [rule_executor] - [RULE_EXECUTOR] Loaded rule: http://lapras.org/rule/NoiseRule
2025-05-17 01:59:08,211 - lapras_middleware.rule_executor - INFO - [rule_executor] -   Condition: http://lapras.org/rule/NoiseCondition
2025-05-17 01:59:08,211 - lapras_middleware.rule_executor - INFO - [rule_executor] -   Action: http://lapras.org/rule/NoiseAction
2025-05-17 01:59:08,211 - lapras_middleware.rule_executor - INFO - [rule_executor] - [RULE_EXECUTOR] Loaded rule: http://lapras.org/rule/QuietRule
2025-05-17 01:59:08,211 - lapras_middleware.rule_executor - INFO - [rule_executor] -   Condition: http://lapras.org/rule/QuietCondition
2025-05-17 01:59:08,211 - lapras_middleware.rule_executor - INFO - [rule_executor] -   Action: http://lapras.org/rule/QuietAction
2025-05-17 01:59:08,211 - __main__ - INFO - [start_rule_executor] - Rules loaded from /home/yuheng/lapras-py/lapras_middleware/rules/sound_rules.ttl
2025-05-17 01:59:08,211 - __main__ - INFO - [start_rule_executor] - Starting event dispatcher...
2025-05-17 01:59:08,211 - lapras_middleware.event - INFO - [event] - [EVENT_DISPATCHER] Event processing thread started
2025-05-17 01:59:08,212 - lapras_middleware.event - INFO - [event] - [EVENT_DISPATCHER] Event dispatcher started
2025-05-17 01:59:08,212 - lapras_middleware.event - INFO - [event] - [EVENT_DISPATCHER] Current subscribers: {
  "CONTEXT_UPDATED": [
    "RuleExecutor"
  ]
}
2025-05-17 01:59:08,212 - event_logger - INFO - [event] - === Event Dispatcher Started ===
2025-05-17 01:59:08,212 - __main__ - INFO - [start_rule_executor] - Event dispatcher started
2025-05-17 01:59:08,212 - __main__ - INFO - [start_rule_executor] - Starting rule executor...
2025-05-17 01:59:08,212 - lapras_middleware.rule_executor - INFO - [rule_executor] - [RULE_EXECUTOR] Starting rule executor...
2025-05-17 01:59:08,212 - lapras_middleware.communicator - INFO - [communicator] - [MQTT] Subscribed to topic: context/update/#
2025-05-17 01:59:08,212 - lapras_middleware.context - INFO - [context] - [CONTEXT_MANAGER] Context manager started and subscribed to context/update/#
2025-05-17 01:59:08,212 - lapras_middleware.context - INFO - [context] - [CONTEXT_MANAGER] Current context map: {}
2025-05-17 01:59:08,212 - lapras_middleware.rule_executor - INFO - [rule_executor] - [RULE_EXECUTOR] Context manager started
2025-05-17 01:59:08,212 - __main__ - ERROR - [start_rule_executor] - Error starting Rule Executor service: 'RuleExecutor' object has no attribute 'rules'
Traceback (most recent call last):
  File "/home/yuheng/lapras-py/start_rule_executor.py", line 62, in start
    self.rule_executor.start()
  File "/home/yuheng/lapras-py/lapras_middleware/rule_executor.py", line 38, in start
    logger.info(f"[RULE_EXECUTOR] Loaded {len(self.rules)} rules")
                                              ^^^^^^^^^^
AttributeError: 'RuleExecutor' object has no attribute 'rules'
2025-05-17 01:59:08,213 - __main__ - ERROR - [start_rule_executor] - Error in Rule Executor service: 'RuleExecutor' object has no attribute 'rules'
Traceback (most recent call last):
  File "/home/yuheng/lapras-py/start_rule_executor.py", line 103, in run
    self.start()
  File "/home/yuheng/lapras-py/start_rule_executor.py", line 62, in start
    self.rule_executor.start()
  File "/home/yuheng/lapras-py/lapras_middleware/rule_executor.py", line 38, in start
    logger.info(f"[RULE_EXECUTOR] Loaded {len(self.rules)} rules")
                                              ^^^^^^^^^^
AttributeError: 'RuleExecutor' object has no attribute 'rules'
2025-05-17 02:01:26,904 - __main__ - INFO - [start_rule_executor] - Starting Rule Executor service...
2025-05-17 02:01:26,905 - __main__ - INFO - [start_rule_executor] - Event dispatcher initialized
2025-05-17 02:01:26,905 - lapras_middleware.communicator - INFO - [communicator] - [MQTT] Initialized MQTT communicator with client ID: rule_executor
2025-05-17 02:01:26,905 - __main__ - INFO - [start_rule_executor] - MQTT communicator initialized
2025-05-17 02:01:26,905 - lapras_middleware.context - INFO - [context] - [CONTEXT_MANAGER] Context manager initialized
2025-05-17 02:01:26,905 - lapras_middleware.event - INFO - [event] - [EVENT_DISPATCHER] Component RuleExecutor subscribed to event: CONTEXT_UPDATED
2025-05-17 02:01:26,905 - lapras_middleware.event - INFO - [event] - [EVENT_DISPATCHER] Current subscribers for CONTEXT_UPDATED: ['RuleExecutor']
2025-05-17 02:01:26,905 - event_logger - INFO - [event] - SUBSCRIBE: RuleExecutor -> CONTEXT_UPDATED
2025-05-17 02:01:26,905 - lapras_middleware.rule_executor - INFO - [rule_executor] - [RULE_EXECUTOR] Rule executor initialized and monitoring context updates
2025-05-17 02:01:26,905 - __main__ - INFO - [start_rule_executor] - Rule executor initialized
2025-05-17 02:01:26,908 - lapras_middleware.rule_executor - INFO - [rule_executor] - [RULE_EXECUTOR] Successfully loaded rules from /home/yuheng/lapras-py/lapras_middleware/rules/sound_rules.ttl
2025-05-17 02:01:26,978 - lapras_middleware.rule_executor - INFO - [rule_executor] - [RULE_EXECUTOR] Loaded rule: http://lapras.org/rule/NoiseRule
2025-05-17 02:01:26,979 - lapras_middleware.rule_executor - INFO - [rule_executor] -   Condition: http://lapras.org/rule/NoiseCondition
2025-05-17 02:01:26,979 - lapras_middleware.rule_executor - INFO - [rule_executor] -   Action: http://lapras.org/rule/NoiseAction
2025-05-17 02:01:26,979 - lapras_middleware.rule_executor - INFO - [rule_executor] - [RULE_EXECUTOR] Loaded rule: http://lapras.org/rule/QuietRule
2025-05-17 02:01:26,979 - lapras_middleware.rule_executor - INFO - [rule_executor] -   Condition: http://lapras.org/rule/QuietCondition
2025-05-17 02:01:26,979 - lapras_middleware.rule_executor - INFO - [rule_executor] -   Action: http://lapras.org/rule/QuietAction
2025-05-17 02:01:26,979 - __main__ - INFO - [start_rule_executor] - Rules loaded from /home/yuheng/lapras-py/lapras_middleware/rules/sound_rules.ttl
2025-05-17 02:01:26,979 - __main__ - INFO - [start_rule_executor] - Starting event dispatcher...
2025-05-17 02:01:26,979 - lapras_middleware.event - INFO - [event] - [EVENT_DISPATCHER] Event processing thread started
2025-05-17 02:01:26,979 - lapras_middleware.event - INFO - [event] - [EVENT_DISPATCHER] Event dispatcher started
2025-05-17 02:01:26,979 - lapras_middleware.event - INFO - [event] - [EVENT_DISPATCHER] Current subscribers: {
  "CONTEXT_UPDATED": [
    "RuleExecutor"
  ]
}
2025-05-17 02:01:26,979 - event_logger - INFO - [event] - === Event Dispatcher Started ===
2025-05-17 02:01:26,979 - __main__ - INFO - [start_rule_executor] - Event dispatcher started
2025-05-17 02:01:26,979 - __main__ - INFO - [start_rule_executor] - Starting rule executor...
2025-05-17 02:01:26,980 - lapras_middleware.rule_executor - INFO - [rule_executor] - [RULE_EXECUTOR] Starting rule executor...
2025-05-17 02:01:26,980 - lapras_middleware.communicator - INFO - [communicator] - [MQTT] Subscribed to topic: context/update/#
2025-05-17 02:01:26,980 - lapras_middleware.context - INFO - [context] - [CONTEXT_MANAGER] Context manager started and subscribed to context/update/#
2025-05-17 02:01:26,980 - lapras_middleware.context - INFO - [context] - [CONTEXT_MANAGER] Current context map: {}
2025-05-17 02:01:26,980 - lapras_middleware.rule_executor - INFO - [rule_executor] - [RULE_EXECUTOR] Context manager started
2025-05-17 02:01:26,983 - lapras_middleware.rule_executor - INFO - [rule_executor] - [RULE_EXECUTOR] Loaded 2 rules
2025-05-17 02:01:26,983 - lapras_middleware.rule_executor - INFO - [rule_executor] - [RULE_EXECUTOR] Rule: Unnamed Rule - No description
2025-05-17 02:01:26,983 - lapras_middleware.rule_executor - INFO - [rule_executor] - [RULE_EXECUTOR] Rule: Unnamed Rule - No description
2025-05-17 02:01:26,983 - lapras_middleware.rule_executor - INFO - [rule_executor] - [RULE_EXECUTOR] Rule executor started
2025-05-17 02:01:26,984 - __main__ - INFO - [start_rule_executor] - Rule executor started
2025-05-17 02:01:26,984 - __main__ - INFO - [start_rule_executor] - Rule Executor service started and monitoring context updates
